<?xml version="1.0" encoding="UTF-8"?>
<!-- Generated by org.testng.reporters.JUnitReportReporter -->
<testsuite hostname="DESKTOP-0T5V2PT" failures="0" tests="3" name="com.udemy.selenium.core_java.ChildClass" time="0.015" errors="0" timestamp="2023-10-16T19:28:31 MESZ" skipped="0">
  <testcase classname="com.udemy.selenium.core_java.ChildClass" name="test003" time="0.002"/>
  <testcase classname="com.udemy.selenium.core_java.ChildClass" name="test001" time="0.012"/>
  <testcase classname="com.udemy.selenium.core_java.ChildClass" name="test002" time="0.001"/>
</testsuite> <!-- com.udemy.selenium.core_java.ChildClass -->
