<?xml version="1.0" encoding="UTF-8"?>
<!-- Generated by org.testng.reporters.JUnitReportReporter -->
<testsuite hostname="DESKTOP-0T5V2PT" failures="0" tests="2" name="com.udemy.selenium.testngtutorial.Lesson001" time="0.003" errors="0" timestamp="2023-10-14T20:21:01 MESZ" skipped="0">
  <testcase classname="com.udemy.selenium.testngtutorial.Lesson001" name="demo2" time="0.000"/>
  <testcase classname="com.udemy.selenium.testngtutorial.Lesson001" name="demo" time="0.003"/>
</testsuite> <!-- com.udemy.selenium.testngtutorial.Lesson001 -->
