<?xml version="1.0" encoding="UTF-8"?>
<!-- Generated by org.testng.reporters.JUnitReportReporter -->
<testsuite hostname="DESKTOP-0T5V2PT" failures="0" tests="1" name="com.udemy.selenium.testngtutorial.Lesson0011" time="0.006" errors="0" timestamp="2023-10-14T20:37:28 MESZ" skipped="0">
  <testcase classname="com.udemy.selenium.testngtutorial.Lesson0011" name="demo3" time="0.006"/>
</testsuite> <!-- com.udemy.selenium.testngtutorial.Lesson0011 -->
