<?xml version="1.0" encoding="UTF-8"?>
<!-- Generated by org.testng.reporters.JUnitReportReporter -->
<testsuite hostname="DESKTOP-0T5V2PT" failures="0" tests="3" name="com.udemy.selenium.testngtutorial.Lesson0021" time="0.007" errors="0" timestamp="2023-10-15T12:42:30 MESZ" skipped="0">
  <testcase classname="com.udemy.selenium.testngtutorial.Lesson0021" name="paramDemo002" time="0.005"/>
  <testcase classname="com.udemy.selenium.testngtutorial.Lesson0021" name="paramDemo0021" time="0.001"/>
  <testcase classname="com.udemy.selenium.testngtutorial.Lesson0021" name="paramDemo0022" time="0.001"/>
</testsuite> <!-- com.udemy.selenium.testngtutorial.Lesson0021 -->
