<?xml version="1.0" encoding="UTF-8"?>
<!-- Generated by org.testng.reporters.JUnitReportReporter -->
<testsuite hostname="DESKTOP-0T5V2PT" failures="0" tests="3" name="com.udemy.selenium.testngtutorial.Lesson0013" time="0.010" errors="0" timestamp="2023-10-14T21:03:27 MESZ" skipped="0">
  <testcase classname="com.udemy.selenium.testngtutorial.Lesson0013" name="APILoginHomeLoan" time="0.001"/>
  <testcase classname="com.udemy.selenium.testngtutorial.Lesson0013" name="mobileLoginHomeLoan" time="0.003"/>
  <testcase classname="com.udemy.selenium.testngtutorial.Lesson0013" name="webLoginHomeLoan" time="0.006"/>
</testsuite> <!-- com.udemy.selenium.testngtutorial.Lesson0013 -->
