<?xml version="1.0" encoding="UTF-8"?>
<!-- Generated by org.testng.reporters.JUnitReportReporter -->
<testsuite hostname="DESKTOP-0T5V2PT" failures="0" tests="3" name="com.udemy.selenium.testngtutorial.Lesson003" time="0.006" errors="0" timestamp="2023-10-15T11:19:03 MESZ" skipped="0">
  <testcase classname="com.udemy.selenium.testngtutorial.Lesson003" name="logIn" time="0.000"/>
  <testcase classname="com.udemy.selenium.testngtutorial.Lesson003" name="logIn" time="0.005"/>
  <testcase classname="com.udemy.selenium.testngtutorial.Lesson003" name="logIn" time="0.001"/>
</testsuite> <!-- com.udemy.selenium.testngtutorial.Lesson003 -->
