<?xml version="1.0" encoding="UTF-8"?>
<!-- Generated by org.testng.reporters.JUnitReportReporter -->
<testsuite hostname="DESKTOP-0T5V2PT" failures="0" tests="3" name="com.udemy.selenium.testngtutorial.Lesson0012" time="0.001" errors="0" timestamp="2023-10-14T20:21:01 MESZ" skipped="0">
  <testcase classname="com.udemy.selenium.testngtutorial.Lesson0012" name="webLoginCarLoan" time="0.000"/>
  <testcase classname="com.udemy.selenium.testngtutorial.Lesson0012" name="mobileSignInCarLoan" time="0.000"/>
  <testcase classname="com.udemy.selenium.testngtutorial.Lesson0012" name="mobileLoginCarLoan" time="0.001"/>
</testsuite> <!-- com.udemy.selenium.testngtutorial.Lesson0012 -->
